(0000) 3000  0011000000000000 (   6)                 .ORIG x3000
(3000) 200E  0010000000001110 (  13)                 LD    R0 A
(3001) 2210  0010001000010000 (  14)                 LD    R1 X_1
(3002) 4811  0100100000010001 (  15)                 JSR   MULT
(3003) 200E  0010000000001110 (  16)                 LD    R0 X_1
(3004) 480F  0100100000001111 (  17)                 JSR   MULT
(3005) 3221  0011001000100001 (  18)                 ST    R1 TEMP
(3006) 2420  0010010000100000 (  19)                 LD    R2 TEMP
(3007) 2008  0010000000001000 (  21)                 LD    R0 B
(3008) 2209  0010001000001001 (  22)                 LD    R1 X_1
(3009) 480A  0100100000001010 (  23)                 JSR   MULT
(300A) 1442  0001010001000010 (  24)                 ADD   R2 R1 R2
(300B) 2005  0010000000000101 (  25)                 LD    R0 C
(300C) 1480  0001010010000000 (  26)                 ADD   R2 R2 R0
(300D) 3405  0011010000000101 (  27)                 ST    R2 Y_1
(300E) F025  1111000000100101 (  28)                 TRAP  x25
(300F) FFFC  1111111111111100 (  32) A               .FILL xFFFC
(3010) 0003  0000000000000011 (  33) B               .FILL x0003
(3011) FFFB  1111111111111011 (  34) C               .FILL xFFFB
(3012) 0000  0000000000000000 (  38) X_1             .FILL x0000
(3013) 0000  0000000000000000 (  49) Y_1             .FILL x0000
(3014) 3A11  0011101000010001 (  49) MULT            ST    R5 MU_R5
(3015) 380F  0011100000001111 (  50)                 ST    R4 MU_R4
(3016) 5B60  0101101101100000 (  54)                 AND   R5 R5 #0
(3017) 1860  0001100001100000 (  55)                 ADD   R4 R1 #0
(3018) 0804  0000100000000100 (  62)                 BRN   NEG
(3019) 0407  0000010000000111 (  63) MU_Loop         BRZ   MU_Done
(301A) 1B40  0001101101000000 (  64)                 ADD   R5 R5 R0
(301B) 193F  0001100100111111 (  65)                 ADD   R4 R4 #-1
(301C) 0FFC  0000111111111100 (  66)                 BRNZP MU_Loop
(301D) 0403  0000010000000011 (  68) NEG             BRZ   MU_Done
(301E) 1B40  0001101101000000 (  69)                 ADD   R5 R5 R0
(301F) 193F  0001100100111111 (  70)                 ADD   R4 R4 #-1
(3020) 0FFC  0000111111111100 (  71)                 BRNZP NEG
(3021) 1360  0001001101100000 (  76) MU_Done         ADD   R1 R5 #0
(3022) 2802  0010100000000010 (  77)                 LD    R4 MU_R4
(3023) 2A02  0010101000000010 (  78)                 LD    R5 MU_R5
(3024) C1C0  1100000111000000 (  79)                 RET   
(3025) 0000  0000000000000000 (  84) MU_R4           .FILL x0000
(3026) 0000  0000000000000000 (  85) MU_R5           .FILL x0000
(3027) 0000  0000000000000000 (  87) TEMP            .FILL x0000
